Using pre-set license
Built from '2020.2/release' branch; Version is '2020.2.1f1 (270dd8c3da1c) revision 2559448'; Using compiler version '192528614'; Build Type 'Release'
OS: 'Windows 10  (10.0.0) 64bit' Language: 'en' Physical Memory: 8174 MB
BatchMode: 1, IsHumanControllingUs: 0, StartBugReporterOnCrash: 0, Is64bit: 1, IsPro: 0

 COMMAND LINE ARGUMENTS:
C:\Program Files\Unity\Hub\Editor\2020.2.1f1\Editor\Unity.exe
-adb2
-batchMode
-noUpm
-name
AssetImportWorker0
-projectPath
D:/Github/Prototype_03/Chrysoula_Prototype_03
-logFile
Logs/AssetImportWorker0.log
-srvPort
49670
Successfully changed project path to: D:/Github/Prototype_03/Chrysoula_Prototype_03
D:/Github/Prototype_03/Chrysoula_Prototype_03
Using Asset Import Pipeline V2.
Refreshing native plugins compatible for Editor in 45.04 ms, found 0 plugins.
Preloading 0 native plugins for Editor in 0.00 ms.
Initialize engine version: 2020.2.1f1 (270dd8c3da1c)
[Subsystems] Discovering subsystems at path C:/Program Files/Unity/Hub/Editor/2020.2.1f1/Editor/Data/Resources/UnitySubsystems
[Subsystems] Discovering subsystems at path D:/Github/Prototype_03/Chrysoula_Prototype_03/Assets
GfxDevice: creating device client; threaded=0
Direct3D:
    Version:  Direct3D 11.0 [level 11.1]
    Renderer: NVIDIA GeForce GTX 970 (ID=0x13c2)
    Vendor:   
    VRAM:     4043 MB
    Driver:   27.21.14.5671
Initialize mono
Mono path[0] = 'C:/Program Files/Unity/Hub/Editor/2020.2.1f1/Editor/Data/Managed'
Mono path[1] = 'C:/Program Files/Unity/Hub/Editor/2020.2.1f1/Editor/Data/MonoBleedingEdge/lib/mono/unityjit'
Mono config path = 'C:/Program Files/Unity/Hub/Editor/2020.2.1f1/Editor/Data/MonoBleedingEdge/etc'
Using monoOptions --debugger-agent=transport=dt_socket,embedding=1,server=y,suspend=n,address=127.0.0.1:56796
Begin MonoManager ReloadAssembly
Registering precompiled unity dll's ...
Register platform support module: C:/Program Files/Unity/Hub/Editor/2020.2.1f1/Editor/Data/PlaybackEngines/WindowsStandaloneSupport/UnityEditor.WindowsStandalone.Extensions.dll
Registered in 0.002039 seconds.
Native extension for WindowsStandalone target not found
Refreshing native plugins compatible for Editor in 45.38 ms, found 0 plugins.
Preloading 0 native plugins for Editor in 0.00 ms.
Invoked RoslynAnalysisRunner static constructor.
RoslynAnalysisRunner will not be running.
RoslynAnalysisRunner has terminated.
Mono: successfully reloaded assembly
- Completed reload, in  1.309 seconds
Platform modules already initialized, skipping
Registering precompiled user dll's ...
Registered in 0.000887 seconds.
Begin MonoManager ReloadAssembly
Native extension for WindowsStandalone target not found
Refreshing native plugins compatible for Editor in 0.59 ms, found 0 plugins.
Preloading 0 native plugins for Editor in 0.00 ms.
Invoked RoslynAnalysisRunner static constructor.
RoslynAnalysisRunner will not be running.
RoslynAnalysisRunner has terminated.
Mono: successfully reloaded assembly
- Completed reload, in  1.176 seconds
Platform modules already initialized, skipping
========================================================================
Worker process is ready to serve import requests
Launched and connected shader compiler UnityShaderCompiler.exe after 0.05 seconds
Refreshing native plugins compatible for Editor in 0.46 ms, found 0 plugins.
Preloading 0 native plugins for Editor in 0.00 ms.
Unloading 1591 Unused Serialized files (Serialized files now loaded: 0)
System memory in use before: 81.6 MB.
System memory in use after: 81.6 MB.

Unloading 73 unused Assets to reduce memory usage. Loaded Objects now: 2027.
Total: 2.504400 ms (FindLiveObjects: 0.183300 ms CreateObjectMapping: 0.063900 ms MarkObjects: 2.025100 ms  DeleteObjects: 0.230900 ms)

========================================================================
Received Import Request.
  path: Assets/Prefabs/Road .prefab
  artifactKey: Guid(6f4705a41c6a1244f955e97c1912f286) Importer(815301076,1909f56bfc062723c751e8b465ee728b)
Start importing Assets/Prefabs/Road .prefab using Guid(6f4705a41c6a1244f955e97c1912f286) Importer(815301076,1909f56bfc062723c751e8b465ee728b)  -> (artifact id: 'aab145444bdb03eee87d328614443038') in 0.158291 seconds
  Import took 0.164074 seconds .

========================================================================
Received Prepare
Registering precompiled user dll's ...
Registered in 0.000789 seconds.
Begin MonoManager ReloadAssembly
Native extension for WindowsStandalone target not found
Refreshing native plugins compatible for Editor in 0.42 ms, found 0 plugins.
Preloading 0 native plugins for Editor in 0.00 ms.
Warning: Annotation not found!
UnityEngine.StackTraceUtility:ExtractStackTrace ()
UnityEditor.ProBuilder.EditorUtility:SetGizmoIconEnabled (System.Type,bool) (at Library/PackageCache/com.unity.probuilder@4.4.0/Editor/EditorCore/EditorUtility.cs:593)
UnityEditor.ProBuilder.HierarchyListener:.cctor () (at Library/PackageCache/com.unity.probuilder@4.4.0/Editor/EditorCore/HierarchyListener.cs:21)
System.Runtime.CompilerServices.RuntimeHelpers:RunClassConstructor (System.RuntimeTypeHandle)
UnityEditor.EditorAssemblies:ProcessInitializeOnLoadAttributes (System.Type[])

[Library/PackageCache/com.unity.probuilder@4.4.0/Editor/EditorCore/EditorUtility.cs line 593]

Invoked RoslynAnalysisRunner static constructor.
RoslynAnalysisRunner will not be running.
RoslynAnalysisRunner has terminated.
Mono: successfully reloaded assembly
- Completed reload, in  1.033 seconds
Platform modules already initialized, skipping
Refreshing native plugins compatible for Editor in 0.44 ms, found 0 plugins.
Preloading 0 native plugins for Editor in 0.00 ms.
Unloading 1530 Unused Serialized files (Serialized files now loaded: 0)
System memory in use before: 80.3 MB.
System memory in use after: 80.3 MB.

Unloading 7 unused Assets to reduce memory usage. Loaded Objects now: 2037.
Total: 2.394400 ms (FindLiveObjects: 0.168800 ms CreateObjectMapping: 0.056300 ms MarkObjects: 2.054900 ms  DeleteObjects: 0.113100 ms)

========================================================================
Received Import Request.
  Time since last request: 369.968431 seconds.
  path: Assets/Prefabs/Road .prefab
  artifactKey: Guid(6f4705a41c6a1244f955e97c1912f286) Importer(815301076,1909f56bfc062723c751e8b465ee728b)
Start importing Assets/Prefabs/Road .prefab using Guid(6f4705a41c6a1244f955e97c1912f286) Importer(815301076,1909f56bfc062723c751e8b465ee728b)  -> (artifact id: '6f517da96cae6ca14c11fce120d4348c') in 0.098354 seconds
  Import took 0.102768 seconds .

========================================================================
Received Prepare
Registering precompiled user dll's ...
Registered in 0.000867 seconds.
Begin MonoManager ReloadAssembly
Native extension for WindowsStandalone target not found
Refreshing native plugins compatible for Editor in 0.43 ms, found 0 plugins.
Preloading 0 native plugins for Editor in 0.00 ms.
Warning: Annotation not found!
UnityEngine.StackTraceUtility:ExtractStackTrace ()
UnityEditor.ProBuilder.EditorUtility:SetGizmoIconEnabled (System.Type,bool) (at Library/PackageCache/com.unity.probuilder@4.4.0/Editor/EditorCore/EditorUtility.cs:593)
UnityEditor.ProBuilder.HierarchyListener:.cctor () (at Library/PackageCache/com.unity.probuilder@4.4.0/Editor/EditorCore/HierarchyListener.cs:21)
System.Runtime.CompilerServices.RuntimeHelpers:RunClassConstructor (System.RuntimeTypeHandle)
UnityEditor.EditorAssemblies:ProcessInitializeOnLoadAttributes (System.Type[])

[Library/PackageCache/com.unity.probuilder@4.4.0/Editor/EditorCore/EditorUtility.cs line 593]

Invoked RoslynAnalysisRunner static constructor.
RoslynAnalysisRunner will not be running.
RoslynAnalysisRunner has terminated.
Mono: successfully reloaded assembly
- Completed reload, in  1.039 seconds
Platform modules already initialized, skipping
Refreshing native plugins compatible for Editor in 0.43 ms, found 0 plugins.
Preloading 0 native plugins for Editor in 0.00 ms.
Unloading 1530 Unused Serialized files (Serialized files now loaded: 0)
System memory in use before: 81.4 MB.
System memory in use after: 81.4 MB.

Unloading 7 unused Assets to reduce memory usage. Loaded Objects now: 2040.
Total: 2.600400 ms (FindLiveObjects: 0.228200 ms CreateObjectMapping: 0.073700 ms MarkObjects: 2.185700 ms  DeleteObjects: 0.110900 ms)

========================================================================
Received Import Request.
  Time since last request: 76.998606 seconds.
  path: Assets/Prefabs/Road .prefab
  artifactKey: Guid(6f4705a41c6a1244f955e97c1912f286) Importer(815301076,1909f56bfc062723c751e8b465ee728b)
Start importing Assets/Prefabs/Road .prefab using Guid(6f4705a41c6a1244f955e97c1912f286) Importer(815301076,1909f56bfc062723c751e8b465ee728b)  -> (artifact id: '83c850204a88787991b3ec2691e19420') in 0.083371 seconds
  Import took 0.087980 seconds .

========================================================================
Received Import Request.
  Time since last request: 4.051802 seconds.
  path: Assets/Prefabs/Road .prefab
  artifactKey: Guid(6f4705a41c6a1244f955e97c1912f286) Importer(815301076,1909f56bfc062723c751e8b465ee728b)
Start importing Assets/Prefabs/Road .prefab using Guid(6f4705a41c6a1244f955e97c1912f286) Importer(815301076,1909f56bfc062723c751e8b465ee728b)  -> (artifact id: '742e8464a78595392e56c274152f0f6b') in 0.029435 seconds
  Import took 0.034051 seconds .

========================================================================
Received Import Request.
  Time since last request: 23.602922 seconds.
  path: Assets/Prefabs/Road .prefab
  artifactKey: Guid(6f4705a41c6a1244f955e97c1912f286) Importer(815301076,1909f56bfc062723c751e8b465ee728b)
Start importing Assets/Prefabs/Road .prefab using Guid(6f4705a41c6a1244f955e97c1912f286) Importer(815301076,1909f56bfc062723c751e8b465ee728b)  -> (artifact id: 'e3e173be9b0e2bc9c4dba3310a539236') in 0.026892 seconds
  Import took 0.031605 seconds .

========================================================================
Received Import Request.
  Time since last request: 49.116046 seconds.
  path: Assets/Prefabs/Road .prefab
  artifactKey: Guid(6f4705a41c6a1244f955e97c1912f286) Importer(815301076,1909f56bfc062723c751e8b465ee728b)
Start importing Assets/Prefabs/Road .prefab using Guid(6f4705a41c6a1244f955e97c1912f286) Importer(815301076,1909f56bfc062723c751e8b465ee728b)  -> (artifact id: '4cdbd2cbf924652735207fd72d1d146a') in 0.039591 seconds
  Import took 0.046647 seconds .

========================================================================
Received Import Request.
  Time since last request: 2.371142 seconds.
  path: Assets/Prefabs/Road .prefab
  artifactKey: Guid(6f4705a41c6a1244f955e97c1912f286) Importer(815301076,1909f56bfc062723c751e8b465ee728b)
Start importing Assets/Prefabs/Road .prefab using Guid(6f4705a41c6a1244f955e97c1912f286) Importer(815301076,1909f56bfc062723c751e8b465ee728b)  -> (artifact id: 'cbac8faedf15bbc1c807577b9afbbfda') in 0.030550 seconds
  Import took 0.035409 seconds .

========================================================================
Received Import Request.
  Time since last request: 9.325099 seconds.
  path: Assets/Prefabs/Road .prefab
  artifactKey: Guid(6f4705a41c6a1244f955e97c1912f286) Importer(815301076,1909f56bfc062723c751e8b465ee728b)
Start importing Assets/Prefabs/Road .prefab using Guid(6f4705a41c6a1244f955e97c1912f286) Importer(815301076,1909f56bfc062723c751e8b465ee728b)  -> (artifact id: '2c6360f678cfc961479796d37b7fff31') in 0.028879 seconds
  Import took 0.033925 seconds .

========================================================================
Received Import Request.
  Time since last request: 4.529724 seconds.
  path: Assets/Prefabs/Road .prefab
  artifactKey: Guid(6f4705a41c6a1244f955e97c1912f286) Importer(815301076,1909f56bfc062723c751e8b465ee728b)
Start importing Assets/Prefabs/Road .prefab using Guid(6f4705a41c6a1244f955e97c1912f286) Importer(815301076,1909f56bfc062723c751e8b465ee728b)  -> (artifact id: '0f490253d2b678665a1b313915eb7d51') in 0.030265 seconds
  Import took 0.036174 seconds .

========================================================================
Received Import Request.
  Time since last request: 218.229088 seconds.
  path: Assets/Prefabs/Road .prefab
  artifactKey: Guid(6f4705a41c6a1244f955e97c1912f286) Importer(815301076,1909f56bfc062723c751e8b465ee728b)
Start importing Assets/Prefabs/Road .prefab using Guid(6f4705a41c6a1244f955e97c1912f286) Importer(815301076,1909f56bfc062723c751e8b465ee728b)  -> (artifact id: '8f864714e6b613d84ae87ab9ece0e649') in 0.028919 seconds
  Import took 0.034109 seconds .

========================================================================
Received Import Request.
  Time since last request: 7.520571 seconds.
  path: Assets/Prefabs/Road .prefab
  artifactKey: Guid(6f4705a41c6a1244f955e97c1912f286) Importer(815301076,1909f56bfc062723c751e8b465ee728b)
Start importing Assets/Prefabs/Road .prefab using Guid(6f4705a41c6a1244f955e97c1912f286) Importer(815301076,1909f56bfc062723c751e8b465ee728b)  -> (artifact id: '2bbb0c79a2a0571d01b5225e7bf10de5') in 0.034431 seconds
  Import took 0.040327 seconds .

========================================================================
Received Import Request.
  Time since last request: 0.003613 seconds.
  path: Assets/Prefabs/Road .prefab
  artifactKey: Guid(6f4705a41c6a1244f955e97c1912f286) Importer(815301076,1909f56bfc062723c751e8b465ee728b)
Start importing Assets/Prefabs/Road .prefab using Guid(6f4705a41c6a1244f955e97c1912f286) Importer(815301076,1909f56bfc062723c751e8b465ee728b)  -> (artifact id: '2bbb0c79a2a0571d01b5225e7bf10de5') in 0.025559 seconds
  Import took 0.030851 seconds .

========================================================================
Received Prepare
Registering precompiled user dll's ...
Registered in 0.000969 seconds.
Begin MonoManager ReloadAssembly
Native extension for WindowsStandalone target not found
Refreshing native plugins compatible for Editor in 0.43 ms, found 0 plugins.
Preloading 0 native plugins for Editor in 0.00 ms.
Warning: Annotation not found!
UnityEngine.StackTraceUtility:ExtractStackTrace ()
UnityEditor.ProBuilder.EditorUtility:SetGizmoIconEnabled (System.Type,bool) (at Library/PackageCache/com.unity.probuilder@4.4.0/Editor/EditorCore/EditorUtility.cs:593)
UnityEditor.ProBuilder.HierarchyListener:.cctor () (at Library/PackageCache/com.unity.probuilder@4.4.0/Editor/EditorCore/HierarchyListener.cs:21)
System.Runtime.CompilerServices.RuntimeHelpers:RunClassConstructor (System.RuntimeTypeHandle)
UnityEditor.EditorAssemblies:ProcessInitializeOnLoadAttributes (System.Type[])

[Library/PackageCache/com.unity.probuilder@4.4.0/Editor/EditorCore/EditorUtility.cs line 593]

Invoked RoslynAnalysisRunner static constructor.
RoslynAnalysisRunner will not be running.
RoslynAnalysisRunner has terminated.
Mono: successfully reloaded assembly
- Completed reload, in  1.025 seconds
Platform modules already initialized, skipping
Refreshing native plugins compatible for Editor in 0.43 ms, found 0 plugins.
Preloading 0 native plugins for Editor in 0.00 ms.
Unloading 1530 Unused Serialized files (Serialized files now loaded: 0)
System memory in use before: 81.6 MB.
System memory in use after: 81.6 MB.

Unloading 7 unused Assets to reduce memory usage. Loaded Objects now: 2043.
Total: 2.463200 ms (FindLiveObjects: 0.179600 ms CreateObjectMapping: 0.061100 ms MarkObjects: 2.101700 ms  DeleteObjects: 0.118600 ms)

AssetImportWorkerClient::OnTransportError - code=2 error=End of file
